<?xml version="1.0" encoding="UTF-8"?>
<testsuite xmlns:xsi="http://www.w3.org/2001/XMLSchema-instance" xsi:noNamespaceSchemaLocation="https://maven.apache.org/surefire/maven-surefire-plugin/xsd/surefire-test-report-3.0.xsd" version="3.0" name="com.gani.springboot.thymeleafdemo.ThymeleafdemoApplicationTests" time="10.94" tests="1" errors="0" skipped="0" failures="0">
  <properties>
[...]
</properties>
  <testcase name="contextLoads" classname="com.gani.springboot.thymeleafdemo.ThymeleafdemoApplicationTests" time="0.557">
    <system-out><![CDATA[10:52:29.546 [main] INFO org.springframework.test.context.support.AnnotationConfigContextLoaderUtils -- Could not detect default configuration classes for test class [com.gani.springboot.thymeleafdemo.ThymeleafdemoApplicationTests]: ThymeleafdemoApplicationTests does not declare any static, non-private, non-final, nested classes annotated with @Configuration.
10:52:29.727 [main] INFO org.springframework.boot.test.context.SpringBootTestContextBootstrapper -- Found @SpringBootConfiguration com.gani.springboot.thymeleafdemo.ThymeleafdemoApplication for test class com.gani.springboot.thymeleafdemo.ThymeleafdemoApplicationTests
10:52:29.997 [main] INFO org.springframework.boot.devtools.restart.RestartApplicationListener -- Restart disabled due to context in which it is running

  .   ____          _            __ _ _
 /\\ / ___'_ __ _ _(_)_ __  __ _ \ \ \ \
( ( )\___ | '_ | '_| | '_ \/ _` | \ \ \ \
 \\/  ___)| |_)| | | | | || (_| |  ) ) ) )
  '  |____| .__|_| |_|_| |_\__, | / / / /
 =========|_|==============|___/=/_/_/_/

 :: Spring Boot ::                (v3.3.2)

2024-07-20T10:52:30.373+05:30  INFO 9824 --- [           main] c.g.s.t.ThymeleafdemoApplicationTests    : Starting ThymeleafdemoApplicationTests using Java 21.0.1 with PID 9824 (started by memon in c:\Abdul Gani Practice\Spring and Spring Boot\Spring chadUd\07-spring-boot-spring-mvc-crud\01-spring-boot-spring-mvc-crud-employee-with-spring-data-jpa)
2024-07-20T10:52:30.374+05:30  INFO 9824 --- [           main] c.g.s.t.ThymeleafdemoApplicationTests    : No active profile set, falling back to 1 default profile: "default"
2024-07-20T10:52:31.312+05:30  INFO 9824 --- [           main] .s.d.r.c.RepositoryConfigurationDelegate : Bootstrapping Spring Data JPA repositories in DEFAULT mode.
2024-07-20T10:52:31.401+05:30  INFO 9824 --- [           main] .s.d.r.c.RepositoryConfigurationDelegate : Finished Spring Data repository scanning in 78 ms. Found 1 JPA repository interface.
2024-07-20T10:52:32.037+05:30  INFO 9824 --- [           main] o.hibernate.jpa.internal.util.LogHelper  : HHH000204: Processing PersistenceUnitInfo [name: default]
2024-07-20T10:52:32.162+05:30  INFO 9824 --- [           main] org.hibernate.Version                    : HHH000412: Hibernate ORM core version 6.5.2.Final
2024-07-20T10:52:32.225+05:30  INFO 9824 --- [           main] o.h.c.internal.RegionFactoryInitiator    : HHH000026: Second-level cache disabled
2024-07-20T10:52:32.809+05:30  INFO 9824 --- [           main] o.s.o.j.p.SpringPersistenceUnitInfo      : No LoadTimeWeaver setup: ignoring JPA class transformer
2024-07-20T10:52:32.887+05:30  INFO 9824 --- [           main] com.zaxxer.hikari.HikariDataSource       : HikariPool-1 - Starting...
2024-07-20T10:52:35.941+05:30  INFO 9824 --- [           main] com.zaxxer.hikari.pool.HikariPool        : HikariPool-1 - Added connection com.mysql.cj.jdbc.ConnectionImpl@10745a02
2024-07-20T10:52:35.956+05:30  INFO 9824 --- [           main] com.zaxxer.hikari.HikariDataSource       : HikariPool-1 - Start completed.
2024-07-20T10:52:37.617+05:30  INFO 9824 --- [           main] o.h.e.t.j.p.i.JtaPlatformInitiator       : HHH000489: No JTA platform available (set 'hibernate.transaction.jta.platform' to enable JTA platform integration)
2024-07-20T10:52:38.424+05:30  INFO 9824 --- [           main] j.LocalContainerEntityManagerFactoryBean : Initialized JPA EntityManagerFactory for persistence unit 'default'
2024-07-20T10:52:39.073+05:30  WARN 9824 --- [           main] JpaBaseConfiguration$JpaWebConfiguration : spring.jpa.open-in-view is enabled by default. Therefore, database queries may be performed during view rendering. Explicitly configure spring.jpa.open-in-view to disable this warning
2024-07-20T10:52:39.109+05:30  INFO 9824 --- [           main] o.s.b.a.w.s.WelcomePageHandlerMapping    : Adding welcome page template: index
2024-07-20T10:52:39.629+05:30  INFO 9824 --- [           main] c.g.s.t.ThymeleafdemoApplicationTests    : Started ThymeleafdemoApplicationTests in 9.667 seconds (process running for 11.058)
]]></system-out>
    <system-err><![CDATA[WARNING: A Java agent has been loaded dynamically (C:\Users\memon\.m2\repository\net\bytebuddy\byte-buddy-agent\1.14.18\byte-buddy-agent-1.14.18.jar)
WARNING: If a serviceability tool is in use, please run with -XX:+EnableDynamicAgentLoading to hide this warning
WARNING: If a serviceability tool is not in use, please run with -Djdk.instrument.traceUsage for more information
WARNING: Dynamic loading of agents will be disallowed by default in a future release
]]></system-err>
  </testcase>
</testsuite>